[2024-03-08 00:33:25] Adresse e-mail invalide
Les mots de passe doivent être identiques
[2024-03-08 00:35:52] Les mots de passe doivent être identiques
[2024-03-08 00:37:57] Les mots de passe doivent être identiques
[2024-03-08 00:38:01] Adresse e-mail invalide
Les mots de passe doivent être identiques
[2024-03-08 00:39:27] Adresse e-mail invalide
Les mots de passe doivent être identiques
[2024-03-08 00:39:32] Adresse e-mail invalide
[2024-03-08 00:40:04] Nom d'utilisateur OBLIGATOIRE
Adresse e-mail invalide
[2024-03-08 00:43:48] Nom d'utilisateur OBLIGATOIRE
Adresse e-mail invalide
[2024-03-08 00:43:51] Adresse e-mail invalide
Les mots de passe doivent être identiques
[2024-03-08 00:53:28] Adresse e-mail invalide
Les mots de passe doivent être identiques
Le nom d'utilisateur est déjà utilisé. Veuillez en choisir un autre.
[2024-03-08 00:53:37] Adresse e-mail invalide
Les mots de passe doivent être identiques
Le nom d'utilisateur est déjà utilisé. Veuillez en choisir un autre.
[2024-03-08 00:53:56] Adresse e-mail invalide
Les mots de passe doivent être identiques
Le nom d'utilisateur est déjà utilisé. Veuillez en choisir un autre.
[2024-03-08 01:01:01] Adresse e-mail invalide
Le nom d'utilisateur est déjà utilisé. Veuillez en choisir un autre.
[2024-03-08 01:01:24] Adresse e-mail invalide
Le nom d'utilisateur est déjà utilisé. Veuillez en choisir un autre.
